<?xml version="1.0" encoding="UTF-8"?>
<!-- Generated by org.testng.reporters.JUnitReportReporter -->
<testsuite skipped="1" hostname="MDs-MacBook-Air.fios-router.home" name="testSet.AmazonCartTest" tests="3" failures="0" timestamp="2019-12-26T01:41:07 EST" time="2.478" errors="2">
  <testcase name="setupbrowser" time="2.477" classname="testSet.AmazonCartTest">
    <error type="org.openqa.selenium.SessionNotCreatedException" message="session not created: This version of ChromeDriver only supports Chrome version 77
Build info: version: &#039;3.141.59&#039;, revision: &#039;e82be7d358&#039;, time: &#039;2018-11-14T08:25:48&#039;
System info: host: &#039;MDs-MacBook-Air.fios-router.home&#039;, ip: &#039;fe80:0:0:0:142a:bfee:a62f:30ef%en0&#039;, os.name: &#039;Mac OS X&#039;, os.arch: &#039;x86_64&#039;, os.version: &#039;10.15.2&#039;, java.version: &#039;1.8.0_221&#039;
Driver info: driver.version: ChromeDriver
remote stacktrace: 0   chromedriver                        0x00000001048acf09 chromedriver + 3694345
1   chromedriver                        0x0000000104839fd3 chromedriver + 3223507
2   chromedriver                        0x00000001045d958f chromedriver + 730511
3   chromedriver                        0x000000010453f10b chromedriver + 98571
4   chromedriver                        0x000000010453b22a chromedriver + 82474
5   chromedriver                        0x0000000104568b71 chromedriver + 269169
6   chromedriver                        0x0000000104565e83 chromedriver + 257667
7   chromedriver                        0x000000010454123d chromedriver + 107069
8   chromedriver                        0x00000001045421d5 chromedriver + 111061
9   chromedriver                        0x000000010486807f chromedriver + 3412095
10  chromedriver                        0x0000000104874ced chromedriver + 3464429
11  chromedriver                        0x0000000104874a78 chromedriver + 3463800
12  chromedriver                        0x0000000104847959 chromedriver + 3279193
13  chromedriver                        0x0000000104875548 chromedriver + 3466568
14  chromedriver                        0x000000010485c1b7 chromedriver + 3363255
15  chromedriver                        0x0000000104893474 chromedriver + 3589236
16  chromedriver                        0x00000001048b2ce7 chromedriver + 3718375
17  libsystem_pthread.dylib             0x00007fff6b7e9e65 _pthread_start + 148
18  libsystem_pthread.dylib             0x00007fff6b7e583b thread_start + 15
">
      <![CDATA[org.openqa.selenium.SessionNotCreatedException: session not created: This version of ChromeDriver only supports Chrome version 77
Build info: version: '3.141.59', revision: 'e82be7d358', time: '2018-11-14T08:25:48'
System info: host: 'MDs-MacBook-Air.fios-router.home', ip: 'fe80:0:0:0:142a:bfee:a62f:30ef%en0', os.name: 'Mac OS X', os.arch: 'x86_64', os.version: '10.15.2', java.version: '1.8.0_221'
Driver info: driver.version: ChromeDriver
remote stacktrace: 0   chromedriver                        0x00000001048acf09 chromedriver + 3694345
1   chromedriver                        0x0000000104839fd3 chromedriver + 3223507
2   chromedriver                        0x00000001045d958f chromedriver + 730511
3   chromedriver                        0x000000010453f10b chromedriver + 98571
4   chromedriver                        0x000000010453b22a chromedriver + 82474
5   chromedriver                        0x0000000104568b71 chromedriver + 269169
6   chromedriver                        0x0000000104565e83 chromedriver + 257667
7   chromedriver                        0x000000010454123d chromedriver + 107069
8   chromedriver                        0x00000001045421d5 chromedriver + 111061
9   chromedriver                        0x000000010486807f chromedriver + 3412095
10  chromedriver                        0x0000000104874ced chromedriver + 3464429
11  chromedriver                        0x0000000104874a78 chromedriver + 3463800
12  chromedriver                        0x0000000104847959 chromedriver + 3279193
13  chromedriver                        0x0000000104875548 chromedriver + 3466568
14  chromedriver                        0x000000010485c1b7 chromedriver + 3363255
15  chromedriver                        0x0000000104893474 chromedriver + 3589236
16  chromedriver                        0x00000001048b2ce7 chromedriver + 3718375
17  libsystem_pthread.dylib             0x00007fff6b7e9e65 _pthread_start + 148
18  libsystem_pthread.dylib             0x00007fff6b7e583b thread_start + 15

at sun.reflect.NativeConstructorAccessorImpl.newInstance0(Native Method)
at sun.reflect.NativeConstructorAccessorImpl.newInstance(NativeConstructorAccessorImpl.java:62)
at sun.reflect.DelegatingConstructorAccessorImpl.newInstance(DelegatingConstructorAccessorImpl.java:45)
at java.lang.reflect.Constructor.newInstance(Constructor.java:423)
at org.openqa.selenium.remote.W3CHandshakeResponse.lambda$errorHandler$0(W3CHandshakeResponse.java:62)
at org.openqa.selenium.remote.HandshakeResponse.lambda$getResponseFunction$0(HandshakeResponse.java:30)
at org.openqa.selenium.remote.ProtocolHandshake.lambda$createSession$0(ProtocolHandshake.java:126)
at java.util.stream.ReferencePipeline$3$1.accept(ReferencePipeline.java:193)
at java.util.Spliterators$ArraySpliterator.tryAdvance(Spliterators.java:958)
at java.util.stream.ReferencePipeline.forEachWithCancel(ReferencePipeline.java:126)
at java.util.stream.AbstractPipeline.copyIntoWithCancel(AbstractPipeline.java:499)
at java.util.stream.AbstractPipeline.copyInto(AbstractPipeline.java:486)
at java.util.stream.AbstractPipeline.wrapAndCopyInto(AbstractPipeline.java:472)
at java.util.stream.FindOps$FindOp.evaluateSequential(FindOps.java:152)
at java.util.stream.AbstractPipeline.evaluate(AbstractPipeline.java:234)
at java.util.stream.ReferencePipeline.findFirst(ReferencePipeline.java:464)
at org.openqa.selenium.remote.ProtocolHandshake.createSession(ProtocolHandshake.java:128)
at org.openqa.selenium.remote.ProtocolHandshake.createSession(ProtocolHandshake.java:74)
at org.openqa.selenium.remote.HttpCommandExecutor.execute(HttpCommandExecutor.java:136)
at org.openqa.selenium.remote.service.DriverCommandExecutor.execute(DriverCommandExecutor.java:83)
at org.openqa.selenium.remote.RemoteWebDriver.execute(RemoteWebDriver.java:552)
at org.openqa.selenium.remote.RemoteWebDriver.startSession(RemoteWebDriver.java:213)
at org.openqa.selenium.remote.RemoteWebDriver.<init>(RemoteWebDriver.java:131)
at org.openqa.selenium.chrome.ChromeDriver.<init>(ChromeDriver.java:181)
at org.openqa.selenium.chrome.ChromeDriver.<init>(ChromeDriver.java:168)
at org.openqa.selenium.chrome.ChromeDriver.<init>(ChromeDriver.java:123)
at base.Config.setupbrowser(Config.java:24)
at sun.reflect.NativeMethodAccessorImpl.invoke0(Native Method)
at sun.reflect.NativeMethodAccessorImpl.invoke(NativeMethodAccessorImpl.java:62)
at sun.reflect.DelegatingMethodAccessorImpl.invoke(DelegatingMethodAccessorImpl.java:43)
at java.lang.reflect.Method.invoke(Method.java:498)
at org.testng.internal.MethodInvocationHelper.invokeMethod(MethodInvocationHelper.java:133)
at org.testng.internal.MethodInvocationHelper.invokeMethodConsideringTimeout(MethodInvocationHelper.java:62)
at org.testng.internal.ConfigInvoker.invokeConfigurationMethod(ConfigInvoker.java:340)
at org.testng.internal.ConfigInvoker.invokeConfigurations(ConfigInvoker.java:294)
at org.testng.internal.TestInvoker.runConfigMethods(TestInvoker.java:683)
at org.testng.internal.TestInvoker.invokeMethod(TestInvoker.java:510)
at org.testng.internal.TestInvoker.invokeTestMethod(TestInvoker.java:172)
at org.testng.internal.MethodRunner.runInSequence(MethodRunner.java:46)
at org.testng.internal.TestInvoker$MethodInvocationAgent.invoke(TestInvoker.java:804)
at org.testng.internal.TestInvoker.invokeTestMethods(TestInvoker.java:145)
at org.testng.internal.TestMethodWorker.invokeTestMethods(TestMethodWorker.java:146)
at org.testng.internal.TestMethodWorker.run(TestMethodWorker.java:128)
at java.util.ArrayList.forEach(ArrayList.java:1257)
at org.testng.TestRunner.privateRun(TestRunner.java:770)
at org.testng.TestRunner.run(TestRunner.java:591)
at org.testng.SuiteRunner.runTest(SuiteRunner.java:402)
at org.testng.SuiteRunner.access$000(SuiteRunner.java:41)
at org.testng.SuiteRunner$SuiteWorker.run(SuiteRunner.java:443)
at org.testng.internal.thread.ThreadUtil.lambda$execute$0(ThreadUtil.java:67)
at java.util.concurrent.FutureTask.run(FutureTask.java:266)
at java.util.concurrent.ThreadPoolExecutor.runWorker(ThreadPoolExecutor.java:1149)
at java.util.concurrent.ThreadPoolExecutor$Worker.run(ThreadPoolExecutor.java:624)
at java.lang.Thread.run(Thread.java:748)
]]>
    </error>
  </testcase> <!-- setupbrowser -->
  <testcase name="close" time="0.000" classname="testSet.AmazonCartTest">
    <error type="java.lang.NullPointerException">
      <![CDATA[java.lang.NullPointerException
at base.Config.close(Config.java:49)
at sun.reflect.NativeMethodAccessorImpl.invoke0(Native Method)
at sun.reflect.NativeMethodAccessorImpl.invoke(NativeMethodAccessorImpl.java:62)
at sun.reflect.DelegatingMethodAccessorImpl.invoke(DelegatingMethodAccessorImpl.java:43)
at java.lang.reflect.Method.invoke(Method.java:498)
at org.testng.internal.MethodInvocationHelper.invokeMethod(MethodInvocationHelper.java:133)
at org.testng.internal.MethodInvocationHelper.invokeMethodConsideringTimeout(MethodInvocationHelper.java:62)
at org.testng.internal.ConfigInvoker.invokeConfigurationMethod(ConfigInvoker.java:340)
at org.testng.internal.ConfigInvoker.invokeConfigurations(ConfigInvoker.java:294)
at org.testng.internal.TestInvoker.runConfigMethods(TestInvoker.java:683)
at org.testng.internal.TestInvoker.runAfterGroupsConfigurations(TestInvoker.java:658)
at org.testng.internal.TestInvoker.invokeMethod(TestInvoker.java:530)
at org.testng.internal.TestInvoker.invokeTestMethod(TestInvoker.java:172)
at org.testng.internal.MethodRunner.runInSequence(MethodRunner.java:46)
at org.testng.internal.TestInvoker$MethodInvocationAgent.invoke(TestInvoker.java:804)
at org.testng.internal.TestInvoker.invokeTestMethods(TestInvoker.java:145)
at org.testng.internal.TestMethodWorker.invokeTestMethods(TestMethodWorker.java:146)
at org.testng.internal.TestMethodWorker.run(TestMethodWorker.java:128)
at java.util.ArrayList.forEach(ArrayList.java:1257)
at org.testng.TestRunner.privateRun(TestRunner.java:770)
at org.testng.TestRunner.run(TestRunner.java:591)
at org.testng.SuiteRunner.runTest(SuiteRunner.java:402)
at org.testng.SuiteRunner.access$000(SuiteRunner.java:41)
at org.testng.SuiteRunner$SuiteWorker.run(SuiteRunner.java:443)
at org.testng.internal.thread.ThreadUtil.lambda$execute$0(ThreadUtil.java:67)
at java.util.concurrent.FutureTask.run(FutureTask.java:266)
at java.util.concurrent.ThreadPoolExecutor.runWorker(ThreadPoolExecutor.java:1149)
at java.util.concurrent.ThreadPoolExecutor$Worker.run(ThreadPoolExecutor.java:624)
at java.lang.Thread.run(Thread.java:748)
]]>
    </error>
  </testcase> <!-- close -->
  <testcase name="AddToCart" time="0.001" classname="testSet.AmazonCartTest">
    <skipped/>
  </testcase> <!-- AddToCart -->
</testsuite> <!-- testSet.AmazonCartTest -->
